Flow report for QuartusFixed
Wed Nov 30 18:56:05 2022
Quartus Prime Version 20.1.1 Build 720 11/11/2020 SJ Lite Edition


---------------------
; Table of Contents ;
---------------------
  1. Legal Notice
  2. Flow Summary
  3. Flow Settings
  4. Flow Non-Default Global Settings
  5. Flow Elapsed Time
  6. Flow OS Summary
  7. Flow Log
  8. Flow Messages
  9. Flow Suppressed Messages



----------------
; Legal Notice ;
----------------
Copyright (C) 2020  Intel Corporation. All rights reserved.
Your use of Intel Corporation's design tools, logic functions 
and other software and tools, and any partner logic 
functions, and any output files from any of the foregoing 
(including device programming or simulation files), and any 
associated documentation or information are expressly subject 
to the terms and conditions of the Intel Program License 
Subscription Agreement, the Intel Quartus Prime License Agreement,
the Intel FPGA IP License Agreement, or other applicable license
agreement, including, without limitation, that your use is for
the sole purpose of programming logic devices manufactured by
Intel and sold by Intel or its authorized distributors.  Please
refer to the applicable agreement for further details, at
https://fpgasoftware.intel.com/eula.



+-------------------------------------------------------------------------------+
; Flow Summary                                                                  ;
+---------------------------------+---------------------------------------------+
; Flow Status                     ; Successful - Wed Nov 30 18:56:05 2022       ;
; Quartus Prime Version           ; 20.1.1 Build 720 11/11/2020 SJ Lite Edition ;
; Revision Name                   ; QuartusFixed                                ;
; Top-level Entity Name           ; CALC_MAGNITUDE_AND_PHASE_FIXED              ;
; Family                          ; Cyclone V                                   ;
; Device                          ; 5CSEMA6F31C6                                ;
; Timing Models                   ; Final                                       ;
; Logic utilization (in ALMs)     ; 3,590 / 41,910 ( 9 % )                      ;
; Total registers                 ; 5131                                        ;
; Total pins                      ; 119 / 457 ( 26 % )                          ;
; Total virtual pins              ; 0                                           ;
; Total block memory bits         ; 1,049 / 5,662,720 ( < 1 % )                 ;
; Total DSP Blocks                ; 6 / 112 ( 5 % )                             ;
; Total HSSI RX PCSs              ; 0                                           ;
; Total HSSI PMA RX Deserializers ; 0                                           ;
; Total HSSI TX PCSs              ; 0                                           ;
; Total HSSI PMA TX Serializers   ; 0                                           ;
; Total PLLs                      ; 0 / 6 ( 0 % )                               ;
; Total DLLs                      ; 0 / 4 ( 0 % )                               ;
+---------------------------------+---------------------------------------------+


+-----------------------------------------+
; Flow Settings                           ;
+-------------------+---------------------+
; Option            ; Setting             ;
+-------------------+---------------------+
; Start date & time ; 11/30/2022 18:54:08 ;
; Main task         ; Compilation         ;
; Revision Name     ; QuartusFixed        ;
+-------------------+---------------------+


+-------------------------------------------------------------------------------------------------------------------------------------------------------------------+
; Flow Non-Default Global Settings                                                                                                                                  ;
+-------------------------------------+----------------------------------------+---------------+--------------------------------+-----------------------------------+
; Assignment Name                     ; Value                                  ; Default Value ; Entity Name                    ; Section Id                        ;
+-------------------------------------+----------------------------------------+---------------+--------------------------------+-----------------------------------+
; COMPILER_SIGNATURE_ID               ; 88974385068780.166982724826644         ; --            ; --                             ; --                                ;
; EDA_GENERATE_FUNCTIONAL_NETLIST     ; Off                                    ; --            ; --                             ; eda_board_design_timing           ;
; EDA_GENERATE_FUNCTIONAL_NETLIST     ; Off                                    ; --            ; --                             ; eda_board_design_boundary_scan    ;
; EDA_GENERATE_FUNCTIONAL_NETLIST     ; Off                                    ; --            ; --                             ; eda_board_design_signal_integrity ;
; EDA_GENERATE_FUNCTIONAL_NETLIST     ; Off                                    ; --            ; --                             ; eda_board_design_symbol           ;
; EDA_OUTPUT_DATA_FORMAT              ; Verilog Hdl                            ; --            ; --                             ; eda_simulation                    ;
; EDA_SIMULATION_TOOL                 ; ModelSim-Altera (Verilog)              ; <None>        ; --                             ; --                                ;
; EDA_TIME_SCALE                      ; 1 ps                                   ; --            ; --                             ; eda_simulation                    ;
; MAX_CORE_JUNCTION_TEMP              ; 85                                     ; --            ; --                             ; --                                ;
; MIN_CORE_JUNCTION_TEMP              ; 0                                      ; --            ; --                             ; --                                ;
; PARTITION_COLOR                     ; -- (Not supported for targeted family) ; --            ; CALC_MAGNITUDE_AND_PHASE_FIXED ; Top                               ;
; PARTITION_FITTER_PRESERVATION_LEVEL ; -- (Not supported for targeted family) ; --            ; CALC_MAGNITUDE_AND_PHASE_FIXED ; Top                               ;
; PARTITION_NETLIST_TYPE              ; -- (Not supported for targeted family) ; --            ; CALC_MAGNITUDE_AND_PHASE_FIXED ; Top                               ;
; PROJECT_OUTPUT_DIRECTORY            ; output_files                           ; --            ; --                             ; --                                ;
; TOP_LEVEL_ENTITY                    ; CALC_MAGNITUDE_AND_PHASE_FIXED         ; QuartusFixed  ; --                             ; --                                ;
+-------------------------------------+----------------------------------------+---------------+--------------------------------+-----------------------------------+


+--------------------------------------------------------------------------------------------------------------------------+
; Flow Elapsed Time                                                                                                        ;
+----------------------+--------------+-------------------------+---------------------+------------------------------------+
; Module Name          ; Elapsed Time ; Average Processors Used ; Peak Virtual Memory ; Total CPU Time (on all processors) ;
+----------------------+--------------+-------------------------+---------------------+------------------------------------+
; Analysis & Synthesis ; 00:00:12     ; 1.0                     ; 4972 MB             ; 00:00:08                           ;
; Fitter               ; 00:01:26     ; 1.3                     ; 7423 MB             ; 00:01:54                           ;
; Assembler            ; 00:00:05     ; 1.0                     ; 4902 MB             ; 00:00:02                           ;
; Timing Analyzer      ; 00:00:07     ; 3.7                     ; 5389 MB             ; 00:00:13                           ;
; EDA Netlist Writer   ; 00:00:01     ; 1.0                     ; 4797 MB             ; 00:00:01                           ;
; Total                ; 00:01:51     ; --                      ; --                  ; 00:02:18                           ;
+----------------------+--------------+-------------------------+---------------------+------------------------------------+


+------------------------------------------------------------------------------------+
; Flow OS Summary                                                                    ;
+----------------------+------------------+------------+------------+----------------+
; Module Name          ; Machine Hostname ; OS Name    ; OS Version ; Processor type ;
+----------------------+------------------+------------+------------+----------------+
; Analysis & Synthesis ; Mykyta           ; Windows 10 ; 10.0       ; x86_64         ;
; Fitter               ; Mykyta           ; Windows 10 ; 10.0       ; x86_64         ;
; Assembler            ; Mykyta           ; Windows 10 ; 10.0       ; x86_64         ;
; Timing Analyzer      ; Mykyta           ; Windows 10 ; 10.0       ; x86_64         ;
; EDA Netlist Writer   ; Mykyta           ; Windows 10 ; 10.0       ; x86_64         ;
+----------------------+------------------+------------+------------+----------------+


------------
; Flow Log ;
------------
quartus_map --read_settings_files=on --write_settings_files=off QuartusFixed -c QuartusFixed
quartus_fit --read_settings_files=off --write_settings_files=off QuartusFixed -c QuartusFixed
quartus_asm --read_settings_files=off --write_settings_files=off QuartusFixed -c QuartusFixed
quartus_sta QuartusFixed -c QuartusFixed
quartus_eda --read_settings_files=off --write_settings_files=off QuartusFixed -c QuartusFixed



